# JRE version: Java(TM) SE Runtime Environment (8.0_11-b12) (build 1.8.0_11-b12)
# Java VM: Java HotSpot(TM) 64-Bit Server VM (25.11-b03 mixed mode windows-amd64 compressed oops)
Heap:
 PSYoungGen      total 84992K, used 11107K [0x00000000eab00000, 0x00000000f0a80000, 0x0000000100000000)
  eden space 73728K, 0% used [0x00000000eab00000,0x00000000eab00000,0x00000000ef300000)
  from space 11264K, 98% used [0x00000000efe80000,0x00000000f0958e48,0x00000000f0980000)
  to   space 11776K, 0% used [0x00000000ef300000,0x00000000ef300000,0x00000000efe80000)
 ParOldGen       total 64000K, used 53151K [0x00000000c0000000, 0x00000000c3e80000, 0x00000000eab00000)
  object space 64000K, 83% used [0x00000000c0000000,0x00000000c33e7c88,0x00000000c3e80000)
 Metaspace       used 5830K, capacity 7024K, committed 7296K, reserved 1056768K
  class space    used 580K, capacity 616K, committed 640K, reserved 1048576K
GC Heap History (10 events):
Event: 7.480 GC heap after
Heap after GC invocations=16 (full 0):
 PSYoungGen      total 59904K, used 5298K [0x00000000eab00000, 0x00000000eee00000, 0x0000000100000000)
  eden space 52736K, 0% used [0x00000000eab00000,0x00000000eab00000,0x00000000ede80000)
  from space 7168K, 73% used [0x00000000ee600000,0x00000000eeb2cbb0,0x00000000eed00000)
  to   space 7680K, 0% used [0x00000000ede80000,0x00000000ede80000,0x00000000ee600000)
 ParOldGen       total 64000K, used 22122K [0x00000000c0000000, 0x00000000c3e80000, 0x00000000eab00000)
  object space 64000K, 34% used [0x00000000c0000000,0x00000000c159a860,0x00000000c3e80000)
 Metaspace       used 5687K, capacity 6960K, committed 7040K, reserved 1056768K
  class space    used 561K, capacity 616K, committed 640K, reserved 1048576K
}
Event: 8.241 GC heap before
{Heap before GC invocations=17 (full 0):
 PSYoungGen      total 59904K, used 58034K [0x00000000eab00000, 0x00000000eee00000, 0x0000000100000000)
  eden space 52736K, 100% used [0x00000000eab00000,0x00000000ede80000,0x00000000ede80000)
  from space 7168K, 73% used [0x00000000ee600000,0x00000000eeb2cbb0,0x00000000eed00000)
  to   space 7680K, 0% used [0x00000000ede80000,0x00000000ede80000,0x00000000ee600000)
 ParOldGen       total 64000K, used 22122K [0x00000000c0000000, 0x00000000c3e80000, 0x00000000eab00000)
  object space 64000K, 34% used [0x00000000c0000000,0x00000000c159a860,0x00000000c3e80000)
 Metaspace       used 5714K, capacity 6960K, committed 7040K, reserved 1056768K
  class space    used 561K, capacity 616K, committed 640K, reserved 1048576K
Event: 8.280 GC heap after
Heap after GC invocations=17 (full 0):
 PSYoungGen      total 60416K, used 7669K [0x00000000eab00000, 0x00000000f0980000, 0x0000000100000000)
  eden space 52736K, 0% used [0x00000000eab00000,0x00000000eab00000,0x00000000ede80000)
  from space 7680K, 99% used [0x00000000ede80000,0x00000000ee5fd628,0x00000000ee600000)
  to   space 11264K, 0% used [0x00000000efe80000,0x00000000efe80000,0x00000000f0980000)
 ParOldGen       total 64000K, used 27782K [0x00000000c0000000, 0x00000000c3e80000, 0x00000000eab00000)
  object space 64000K, 43% used [0x00000000c0000000,0x00000000c1b21b00,0x00000000c3e80000)
 Metaspace       used 5714K, capacity 6960K, committed 7040K, reserved 1056768K
  class space    used 561K, capacity 616K, committed 640K, reserved 1048576K
}
Event: 8.734 GC heap before
{Heap before GC invocations=18 (full 0):
 PSYoungGen      total 60416K, used 60405K [0x00000000eab00000, 0x00000000f0980000, 0x0000000100000000)
  eden space 52736K, 100% used [0x00000000eab00000,0x00000000ede80000,0x00000000ede80000)
  from space 7680K, 99% used [0x00000000ede80000,0x00000000ee5fd628,0x00000000ee600000)
  to   space 11264K, 0% used [0x00000000efe80000,0x00000000efe80000,0x00000000f0980000)
 ParOldGen       total 64000K, used 27782K [0x00000000c0000000, 0x00000000c3e80000, 0x00000000eab00000)
  object space 64000K, 43% used [0x00000000c0000000,0x00000000c1b21b00,0x00000000c3e80000)
 Metaspace       used 5816K, capacity 6960K, committed 7040K, reserved 1056768K
  class space    used 580K, capacity 616K, committed 640K, reserved 1048576K
Event: 8.765 GC heap after
Heap after GC invocations=18 (full 0):
 PSYoungGen      total 84992K, used 7794K [0x00000000eab00000, 0x00000000f0a80000, 0x0000000100000000)
  eden space 73728K, 0% used [0x00000000eab00000,0x00000000eab00000,0x00000000ef300000)
  from space 11264K, 69% used [0x00000000efe80000,0x00000000f061c940,0x00000000f0980000)
  to   space 11776K, 0% used [0x00000000ef300000,0x00000000ef300000,0x00000000efe80000)
 ParOldGen       total 64000K, used 35422K [0x00000000c0000000, 0x00000000c3e80000, 0x00000000eab00000)
  object space 64000K, 55% used [0x00000000c0000000,0x00000000c2297900,0x00000000c3e80000)
 Metaspace       used 5816K, capacity 6960K, committed 7040K, reserved 1056768K
  class space    used 580K, capacity 616K, committed 640K, reserved 1048576K
}
Event: 9.328 GC heap before
{Heap before GC invocations=19 (full 0):
 PSYoungGen      total 84992K, used 81522K [0x00000000eab00000, 0x00000000f0a80000, 0x0000000100000000)
  eden space 73728K, 100% used [0x00000000eab00000,0x00000000ef300000,0x00000000ef300000)
  from space 11264K, 69% used [0x00000000efe80000,0x00000000f061c940,0x00000000f0980000)
  to   space 11776K, 0% used [0x00000000ef300000,0x00000000ef300000,0x00000000efe80000)
 ParOldGen       total 64000K, used 35422K [0x00000000c0000000, 0x00000000c3e80000, 0x00000000eab00000)
  object space 64000K, 55% used [0x00000000c0000000,0x00000000c2297900,0x00000000c3e80000)
 Metaspace       used 5829K, capacity 7024K, committed 7296K, reserved 1056768K
  class space    used 580K, capacity 616K, committed 640K, reserved 1048576K
Event: 9.365 GC heap after
Heap after GC invocations=19 (full 0):
 PSYoungGen      total 85504K, used 10468K [0x00000000eab00000, 0x00000000f0a80000, 0x0000000100000000)
  eden space 73728K, 0% used [0x00000000eab00000,0x00000000eab00000,0x00000000ef300000)
  from space 11776K, 88% used [0x00000000ef300000,0x00000000efd390d0,0x00000000efe80000)
  to   space 11264K, 0% used [0x00000000efe80000,0x00000000efe80000,0x00000000f0980000)
 ParOldGen       total 64000K, used 42954K [0x00000000c0000000, 0x00000000c3e80000, 0x00000000eab00000)
  object space 64000K, 67% used [0x00000000c0000000,0x00000000c29f2bd8,0x00000000c3e80000)
 Metaspace       used 5829K, capacity 7024K, committed 7296K, reserved 1056768K
  class space    used 580K, capacity 616K, committed 640K, reserved 1048576K
}
Event: 9.758 GC heap before
{Heap before GC invocations=20 (full 0):
 PSYoungGen      total 85504K, used 84196K [0x00000000eab00000, 0x00000000f0a80000, 0x0000000100000000)
  eden space 73728K, 100% used [0x00000000eab00000,0x00000000ef300000,0x00000000ef300000)
  from space 11776K, 88% used [0x00000000ef300000,0x00000000efd390d0,0x00000000efe80000)
  to   space 11264K, 0% used [0x00000000efe80000,0x00000000efe80000,0x00000000f0980000)
 ParOldGen       total 64000K, used 42954K [0x00000000c0000000, 0x00000000c3e80000, 0x00000000eab00000)
  object space 64000K, 67% used [0x00000000c0000000,0x00000000c29f2bd8,0x00000000c3e80000)
 Metaspace       used 5830K, capacity 7024K, committed 7296K, reserved 1056768K
  class space    used 580K, capacity 616K, committed 640K, reserved 1048576K
Event: 9.788 GC heap after
Heap after GC invocations=20 (full 0):
 PSYoungGen      total 84992K, used 11107K [0x00000000eab00000, 0x00000000f0a80000, 0x0000000100000000)
  eden space 73728K, 0% used [0x00000000eab00000,0x00000000eab00000,0x00000000ef300000)
  from space 11264K, 98% used [0x00000000efe80000,0x00000000f0958e48,0x00000000f0980000)
  to   space 11776K, 0% used [0x00000000ef300000,0x00000000ef300000,0x00000000efe80000)
 ParOldGen       total 64000K, used 53151K [0x00000000c0000000, 0x00000000c3e80000, 0x00000000eab00000)
  object space 64000K, 83% used [0x00000000c0000000,0x00000000c33e7c88,0x00000000c3e80000)
 Metaspace       used 5830K, capacity 7024K, committed 7296K, reserved 1056768K
  class space    used 580K, capacity 616K, committed 640K, reserved 1048576K
}
Event: 9.788 GC heap before
{Heap before GC invocations=21 (full 1):
 PSYoungGen      total 84992K, used 11107K [0x00000000eab00000, 0x00000000f0a80000, 0x0000000100000000)
  eden space 73728K, 0% used [0x00000000eab00000,0x00000000eab00000,0x00000000ef300000)
  from space 11264K, 98% used [0x00000000efe80000,0x00000000f0958e48,0x00000000f0980000)
  to   space 11776K, 0% used [0x00000000ef300000,0x00000000ef300000,0x00000000efe80000)
 ParOldGen       total 64000K, used 53151K [0x00000000c0000000, 0x00000000c3e80000, 0x00000000eab00000)
  object space 64000K, 83% used [0x00000000c0000000,0x00000000c33e7c88,0x00000000c3e80000)
 Metaspace       used 5830K, capacity 7024K, committed 7296K, reserved 1056768K
  class space    used 580K, capacity 616K, committed 640K, reserved 1048576K

